# JRE version: OpenJDK Runtime Environment (8.0_112-b06) (build 1.8.0_112-release-b06)
# Java VM: OpenJDK 64-Bit Server VM (25.112-b06 mixed mode linux-amd64 compressed oops)
Heap:
 PSYoungGen      total 349696K, used 0K [0x00000000e0000000, 0x0000000100000000, 0x0000000100000000)
  eden space 175104K, 0% used [0x00000000e0000000,0x00000000e0000000,0x00000000eab00000)
  from space 174592K, 0% used [0x00000000f5580000,0x00000000f5580000,0x0000000100000000)
  to   space 174592K, 0% used [0x00000000eab00000,0x00000000eab00000,0x00000000f5580000)
 ParOldGen       total 867840K, used 798922K [0x00000000a0000000, 0x00000000d4f80000, 0x00000000e0000000)
  object space 867840K, 92% used [0x00000000a0000000,0x00000000d0c32ba0,0x00000000d4f80000)
 Metaspace       used 76657K, capacity 79372K, committed 79488K, reserved 1118208K
  class space    used 9807K, capacity 10367K, committed 10368K, reserved 1048576K
GC Heap History (10 events):
Event: 110,007 GC heap after
Heap after GC invocations=43 (full 8):
 PSYoungGen      total 386560K, used 137720K [0x00000000e0000000, 0x0000000100000000, 0x0000000100000000)
  eden space 248832K, 0% used [0x00000000e0000000,0x00000000e0000000,0x00000000ef300000)
  from space 137728K, 99% used [0x00000000ef300000,0x00000000f797e178,0x00000000f7980000)
  to   space 137728K, 0% used [0x00000000f7980000,0x00000000f7980000,0x0000000100000000)
 ParOldGen       total 635392K, used 579316K [0x00000000a0000000, 0x00000000c6c80000, 0x00000000e0000000)
  object space 635392K, 91% used [0x00000000a0000000,0x00000000c35bd288,0x00000000c6c80000)
 Metaspace       used 76657K, capacity 79372K, committed 79488K, reserved 1118208K
  class space    used 9807K, capacity 10367K, committed 10368K, reserved 1048576K
}
Event: 110,007 GC heap before
{Heap before GC invocations=44 (full 9):
 PSYoungGen      total 386560K, used 137720K [0x00000000e0000000, 0x0000000100000000, 0x0000000100000000)
  eden space 248832K, 0% used [0x00000000e0000000,0x00000000e0000000,0x00000000ef300000)
  from space 137728K, 99% used [0x00000000ef300000,0x00000000f797e178,0x00000000f7980000)
  to   space 137728K, 0% used [0x00000000f7980000,0x00000000f7980000,0x0000000100000000)
 ParOldGen       total 635392K, used 579316K [0x00000000a0000000, 0x00000000c6c80000, 0x00000000e0000000)
  object space 635392K, 91% used [0x00000000a0000000,0x00000000c35bd288,0x00000000c6c80000)
 Metaspace       used 76657K, capacity 79372K, committed 79488K, reserved 1118208K
  class space    used 9807K, capacity 10367K, committed 10368K, reserved 1048576K
Event: 112,528 GC heap after
Heap after GC invocations=44 (full 9):
 PSYoungGen      total 386560K, used 73569K [0x00000000e0000000, 0x0000000100000000, 0x0000000100000000)
  eden space 248832K, 0% used [0x00000000e0000000,0x00000000e0000000,0x00000000ef300000)
  from space 137728K, 53% used [0x00000000ef300000,0x00000000f3ad85c0,0x00000000f7980000)
  to   space 137728K, 0% used [0x00000000f7980000,0x00000000f7980000,0x0000000100000000)
 ParOldGen       total 867840K, used 635333K [0x00000000a0000000, 0x00000000d4f80000, 0x00000000e0000000)
  object space 867840K, 73% used [0x00000000a0000000,0x00000000c6c717f0,0x00000000d4f80000)
 Metaspace       used 76657K, capacity 79372K, committed 79488K, reserved 1118208K
  class space    used 9807K, capacity 10367K, committed 10368K, reserved 1048576K
}
Event: 112,902 GC heap before
{Heap before GC invocations=45 (full 9):
 PSYoungGen      total 386560K, used 322401K [0x00000000e0000000, 0x0000000100000000, 0x0000000100000000)
  eden space 248832K, 100% used [0x00000000e0000000,0x00000000ef300000,0x00000000ef300000)
  from space 137728K, 53% used [0x00000000ef300000,0x00000000f3ad85c0,0x00000000f7980000)
  to   space 137728K, 0% used [0x00000000f7980000,0x00000000f7980000,0x0000000100000000)
 ParOldGen       total 867840K, used 635333K [0x00000000a0000000, 0x00000000d4f80000, 0x00000000e0000000)
  object space 867840K, 73% used [0x00000000a0000000,0x00000000c6c717f0,0x00000000d4f80000)
 Metaspace       used 76657K, capacity 79372K, committed 79488K, reserved 1118208K
  class space    used 9807K, capacity 10367K, committed 10368K, reserved 1048576K
Event: 113,174 GC heap after
Heap after GC invocations=45 (full 9):
 PSYoungGen      total 312832K, used 137706K [0x00000000e0000000, 0x0000000100000000, 0x0000000100000000)
  eden space 175104K, 0% used [0x00000000e0000000,0x00000000e0000000,0x00000000eab00000)
  from space 137728K, 99% used [0x00000000f7980000,0x00000000ffffa998,0x0000000100000000)
  to   space 174592K, 0% used [0x00000000eab00000,0x00000000eab00000,0x00000000f5580000)
 ParOldGen       total 867840K, used 654993K [0x00000000a0000000, 0x00000000d4f80000, 0x00000000e0000000)
  object space 867840K, 75% used [0x00000000a0000000,0x00000000c7fa45c8,0x00000000d4f80000)
 Metaspace       used 76657K, capacity 79372K, committed 79488K, reserved 1118208K
  class space    used 9807K, capacity 10367K, committed 10368K, reserved 1048576K
}
Event: 113,908 GC heap before
{Heap before GC invocations=46 (full 9):
 PSYoungGen      total 312832K, used 312810K [0x00000000e0000000, 0x0000000100000000, 0x0000000100000000)
  eden space 175104K, 100% used [0x00000000e0000000,0x00000000eab00000,0x00000000eab00000)
  from space 137728K, 99% used [0x00000000f7980000,0x00000000ffffa998,0x0000000100000000)
  to   space 174592K, 0% used [0x00000000eab00000,0x00000000eab00000,0x00000000f5580000)
 ParOldGen       total 867840K, used 654993K [0x00000000a0000000, 0x00000000d4f80000, 0x00000000e0000000)
  object space 867840K, 75% used [0x00000000a0000000,0x00000000c7fa45c8,0x00000000d4f80000)
 Metaspace       used 76657K, capacity 79372K, committed 79488K, reserved 1118208K
  class space    used 9807K, capacity 10367K, committed 10368K, reserved 1048576K
Event: 114,000 GC heap after
Heap after GC invocations=46 (full 9):
 PSYoungGen      total 349696K, used 95194K [0x00000000e0000000, 0x0000000100000000, 0x0000000100000000)
  eden space 175104K, 0% used [0x00000000e0000000,0x00000000e0000000,0x00000000eab00000)
  from space 174592K, 54% used [0x00000000eab00000,0x00000000f07f6870,0x00000000f5580000)
  to   space 174592K, 0% used [0x00000000f5580000,0x00000000f5580000,0x0000000100000000)
 ParOldGen       total 867840K, used 706371K [0x00000000a0000000, 0x00000000d4f80000, 0x00000000e0000000)
  object space 867840K, 81% used [0x00000000a0000000,0x00000000cb1d0d78,0x00000000d4f80000)
 Metaspace       used 76657K, capacity 79372K, committed 79488K, reserved 1118208K
  class space    used 9807K, capacity 10367K, committed 10368K, reserved 1048576K
}
Event: 114,136 GC heap before
{Heap before GC invocations=47 (full 9):
 PSYoungGen      total 349696K, used 270298K [0x00000000e0000000, 0x0000000100000000, 0x0000000100000000)
  eden space 175104K, 100% used [0x00000000e0000000,0x00000000eab00000,0x00000000eab00000)
  from space 174592K, 54% used [0x00000000eab00000,0x00000000f07f6870,0x00000000f5580000)
  to   space 174592K, 0% used [0x00000000f5580000,0x00000000f5580000,0x0000000100000000)
 ParOldGen       total 867840K, used 706371K [0x00000000a0000000, 0x00000000d4f80000, 0x00000000e0000000)
  object space 867840K, 81% used [0x00000000a0000000,0x00000000cb1d0d78,0x00000000d4f80000)
 Metaspace       used 76657K, capacity 79372K, committed 79488K, reserved 1118208K
  class space    used 9807K, capacity 10367K, committed 10368K, reserved 1048576K
Event: 114,242 GC heap after
Heap after GC invocations=47 (full 9):
 PSYoungGen      total 349696K, used 84924K [0x00000000e0000000, 0x0000000100000000, 0x0000000100000000)
  eden space 175104K, 0% used [0x00000000e0000000,0x00000000e0000000,0x00000000eab00000)
  from space 174592K, 48% used [0x00000000f5580000,0x00000000fa86f270,0x0000000100000000)
  to   space 174592K, 0% used [0x00000000eab00000,0x00000000eab00000,0x00000000f5580000)
 ParOldGen       total 867840K, used 800196K [0x00000000a0000000, 0x00000000d4f80000, 0x00000000e0000000)
  object space 867840K, 92% used [0x00000000a0000000,0x00000000d0d713a8,0x00000000d4f80000)
 Metaspace       used 76657K, capacity 79372K, committed 79488K, reserved 1118208K
  class space    used 9807K, capacity 10367K, committed 10368K, reserved 1048576K
}
Event: 114,242 GC heap before
{Heap before GC invocations=48 (full 10):
 PSYoungGen      total 349696K, used 84924K [0x00000000e0000000, 0x0000000100000000, 0x0000000100000000)
  eden space 175104K, 0% used [0x00000000e0000000,0x00000000e0000000,0x00000000eab00000)
  from space 174592K, 48% used [0x00000000f5580000,0x00000000fa86f270,0x0000000100000000)
  to   space 174592K, 0% used [0x00000000eab00000,0x00000000eab00000,0x00000000f5580000)
 ParOldGen       total 867840K, used 800196K [0x00000000a0000000, 0x00000000d4f80000, 0x00000000e0000000)
  object space 867840K, 92% used [0x00000000a0000000,0x00000000d0d713a8,0x00000000d4f80000)
 Metaspace       used 76657K, capacity 79372K, committed 79488K, reserved 1118208K
  class space    used 9807K, capacity 10367K, committed 10368K, reserved 1048576K

