# JRE version: OpenJDK Runtime Environment (8.0_112-b06) (build 1.8.0_112-release-b06)
# Java VM: OpenJDK 64-Bit Server VM (25.112-b06 mixed mode linux-amd64 compressed oops)
Heap:
 PSYoungGen      total 410624K, used 0K [0x00000000e0000000, 0x0000000100000000, 0x0000000100000000)
  eden space 301056K, 0% used [0x00000000e0000000,0x00000000e0000000,0x00000000f2600000)
  from space 109568K, 0% used [0x00000000f9500000,0x00000000f9500000,0x0000000100000000)
  to   space 111616K, 0% used [0x00000000f2600000,0x00000000f2600000,0x00000000f9300000)
 ParOldGen       total 397312K, used 350686K [0x00000000a0000000, 0x00000000b8400000, 0x00000000e0000000)
  object space 397312K, 88% used [0x00000000a0000000,0x00000000b5677b20,0x00000000b8400000)
 Metaspace       used 73886K, capacity 77852K, committed 80128K, reserved 1120256K
  class space    used 9133K, capacity 9682K, committed 10240K, reserved 1048576K
GC Heap History (10 events):
Event: 1876,468 GC heap after
Heap after GC invocations=70 (full 7):
 PSYoungGen      total 400384K, used 35310K [0x00000000e0000000, 0x00000000ff700000, 0x0000000100000000)
  eden space 289792K, 0% used [0x00000000e0000000,0x00000000e0000000,0x00000000f1b00000)
  from space 110592K, 31% used [0x00000000f1b00000,0x00000000f3d7b800,0x00000000f8700000)
  to   space 107520K, 0% used [0x00000000f8e00000,0x00000000f8e00000,0x00000000ff700000)
 ParOldGen       total 338432K, used 301287K [0x00000000a0000000, 0x00000000b4a80000, 0x00000000e0000000)
  object space 338432K, 89% used [0x00000000a0000000,0x00000000b2639e08,0x00000000b4a80000)
 Metaspace       used 73883K, capacity 77852K, committed 80128K, reserved 1120256K
  class space    used 9133K, capacity 9682K, committed 10240K, reserved 1048576K
}
Event: 1876,468 GC heap before
{Heap before GC invocations=71 (full 8):
 PSYoungGen      total 400384K, used 35310K [0x00000000e0000000, 0x00000000ff700000, 0x0000000100000000)
  eden space 289792K, 0% used [0x00000000e0000000,0x00000000e0000000,0x00000000f1b00000)
  from space 110592K, 31% used [0x00000000f1b00000,0x00000000f3d7b800,0x00000000f8700000)
  to   space 107520K, 0% used [0x00000000f8e00000,0x00000000f8e00000,0x00000000ff700000)
 ParOldGen       total 338432K, used 301287K [0x00000000a0000000, 0x00000000b4a80000, 0x00000000e0000000)
  object space 338432K, 89% used [0x00000000a0000000,0x00000000b2639e08,0x00000000b4a80000)
 Metaspace       used 73883K, capacity 77852K, committed 80128K, reserved 1120256K
  class space    used 9133K, capacity 9682K, committed 10240K, reserved 1048576K
Event: 1877,114 GC heap after
Heap after GC invocations=71 (full 8):
 PSYoungGen      total 400384K, used 0K [0x00000000e0000000, 0x00000000ff700000, 0x0000000100000000)
  eden space 289792K, 0% used [0x00000000e0000000,0x00000000e0000000,0x00000000f1b00000)
  from space 110592K, 0% used [0x00000000f1b00000,0x00000000f1b00000,0x00000000f8700000)
  to   space 107520K, 0% used [0x00000000f8e00000,0x00000000f8e00000,0x00000000ff700000)
 ParOldGen       total 397312K, used 240563K [0x00000000a0000000, 0x00000000b8400000, 0x00000000e0000000)
  object space 397312K, 60% used [0x00000000a0000000,0x00000000aeaece30,0x00000000b8400000)
 Metaspace       used 73883K, capacity 77852K, committed 80128K, reserved 1120256K
  class space    used 9133K, capacity 9682K, committed 10240K, reserved 1048576K
}
Event: 1877,986 GC heap before
{Heap before GC invocations=72 (full 8):
 PSYoungGen      total 400384K, used 289792K [0x00000000e0000000, 0x00000000ff700000, 0x0000000100000000)
  eden space 289792K, 100% used [0x00000000e0000000,0x00000000f1b00000,0x00000000f1b00000)
  from space 110592K, 0% used [0x00000000f1b00000,0x00000000f1b00000,0x00000000f8700000)
  to   space 107520K, 0% used [0x00000000f8e00000,0x00000000f8e00000,0x00000000ff700000)
 ParOldGen       total 397312K, used 240563K [0x00000000a0000000, 0x00000000b8400000, 0x00000000e0000000)
  object space 397312K, 60% used [0x00000000a0000000,0x00000000aeaece30,0x00000000b8400000)
 Metaspace       used 73883K, capacity 77852K, committed 80128K, reserved 1120256K
  class space    used 9133K, capacity 9682K, committed 10240K, reserved 1048576K
Event: 1878,035 GC heap after
Heap after GC invocations=72 (full 8):
 PSYoungGen      total 409088K, used 60902K [0x00000000e0000000, 0x00000000ffa00000, 0x0000000100000000)
  eden space 301568K, 0% used [0x00000000e0000000,0x00000000e0000000,0x00000000f2680000)
  from space 107520K, 56% used [0x00000000f8e00000,0x00000000fc979a48,0x00000000ff700000)
  to   space 105984K, 0% used [0x00000000f2680000,0x00000000f2680000,0x00000000f8e00000)
 ParOldGen       total 397312K, used 240563K [0x00000000a0000000, 0x00000000b8400000, 0x00000000e0000000)
  object space 397312K, 60% used [0x00000000a0000000,0x00000000aeaece30,0x00000000b8400000)
 Metaspace       used 73883K, capacity 77852K, committed 80128K, reserved 1120256K
  class space    used 9133K, capacity 9682K, committed 10240K, reserved 1048576K
}
Event: 1878,488 GC heap before
{Heap before GC invocations=73 (full 8):
 PSYoungGen      total 409088K, used 362470K [0x00000000e0000000, 0x00000000ffa00000, 0x0000000100000000)
  eden space 301568K, 100% used [0x00000000e0000000,0x00000000f2680000,0x00000000f2680000)
  from space 107520K, 56% used [0x00000000f8e00000,0x00000000fc979a48,0x00000000ff700000)
  to   space 105984K, 0% used [0x00000000f2680000,0x00000000f2680000,0x00000000f8e00000)
 ParOldGen       total 397312K, used 240563K [0x00000000a0000000, 0x00000000b8400000, 0x00000000e0000000)
  object space 397312K, 60% used [0x00000000a0000000,0x00000000aeaece30,0x00000000b8400000)
 Metaspace       used 73886K, capacity 77852K, committed 80128K, reserved 1120256K
  class space    used 9133K, capacity 9682K, committed 10240K, reserved 1048576K
Event: 1878,568 GC heap after
Heap after GC invocations=73 (full 8):
 PSYoungGen      total 407552K, used 75861K [0x00000000e0000000, 0x0000000100000000, 0x0000000100000000)
  eden space 301568K, 0% used [0x00000000e0000000,0x00000000e0000000,0x00000000f2680000)
  from space 105984K, 71% used [0x00000000f2680000,0x00000000f70956d8,0x00000000f8e00000)
  to   space 109568K, 0% used [0x00000000f9500000,0x00000000f9500000,0x0000000100000000)
 ParOldGen       total 397312K, used 300312K [0x00000000a0000000, 0x00000000b8400000, 0x00000000e0000000)
  object space 397312K, 75% used [0x00000000a0000000,0x00000000b2546188,0x00000000b8400000)
 Metaspace       used 73886K, capacity 77852K, committed 80128K, reserved 1120256K
  class space    used 9133K, capacity 9682K, committed 10240K, reserved 1048576K
}
Event: 1878,965 GC heap before
{Heap before GC invocations=74 (full 8):
 PSYoungGen      total 407552K, used 377429K [0x00000000e0000000, 0x0000000100000000, 0x0000000100000000)
  eden space 301568K, 100% used [0x00000000e0000000,0x00000000f2680000,0x00000000f2680000)
  from space 105984K, 71% used [0x00000000f2680000,0x00000000f70956d8,0x00000000f8e00000)
  to   space 109568K, 0% used [0x00000000f9500000,0x00000000f9500000,0x0000000100000000)
 ParOldGen       total 397312K, used 300312K [0x00000000a0000000, 0x00000000b8400000, 0x00000000e0000000)
  object space 397312K, 75% used [0x00000000a0000000,0x00000000b2546188,0x00000000b8400000)
 Metaspace       used 73886K, capacity 77852K, committed 80128K, reserved 1120256K
  class space    used 9133K, capacity 9682K, committed 10240K, reserved 1048576K
Event: 1879,085 GC heap after
Heap after GC invocations=74 (full 8):
 PSYoungGen      total 410624K, used 73553K [0x00000000e0000000, 0x0000000100000000, 0x0000000100000000)
  eden space 301056K, 0% used [0x00000000e0000000,0x00000000e0000000,0x00000000f2600000)
  from space 109568K, 67% used [0x00000000f9500000,0x00000000fdcd4790,0x0000000100000000)
  to   space 111616K, 0% used [0x00000000f2600000,0x00000000f2600000,0x00000000f9300000)
 ParOldGen       total 397312K, used 375832K [0x00000000a0000000, 0x00000000b8400000, 0x00000000e0000000)
  object space 397312K, 94% used [0x00000000a0000000,0x00000000b6f063c0,0x00000000b8400000)
 Metaspace       used 73886K, capacity 77852K, committed 80128K, reserved 1120256K
  class space    used 9133K, capacity 9682K, committed 10240K, reserved 1048576K
}
Event: 1879,085 GC heap before
{Heap before GC invocations=75 (full 9):
 PSYoungGen      total 410624K, used 73553K [0x00000000e0000000, 0x0000000100000000, 0x0000000100000000)
  eden space 301056K, 0% used [0x00000000e0000000,0x00000000e0000000,0x00000000f2600000)
  from space 109568K, 67% used [0x00000000f9500000,0x00000000fdcd4790,0x0000000100000000)
  to   space 111616K, 0% used [0x00000000f2600000,0x00000000f2600000,0x00000000f9300000)
 ParOldGen       total 397312K, used 375832K [0x00000000a0000000, 0x00000000b8400000, 0x00000000e0000000)
  object space 397312K, 94% used [0x00000000a0000000,0x00000000b6f063c0,0x00000000b8400000)
 Metaspace       used 73886K, capacity 77852K, committed 80128K, reserved 1120256K
  class space    used 9133K, capacity 9682K, committed 10240K, reserved 1048576K

