# JRE version: OpenJDK Runtime Environment (8.0_112-b06) (build 1.8.0_112-release-b06)
# Java VM: OpenJDK 64-Bit Server VM (25.112-b06 mixed mode linux-amd64 compressed oops)
Heap:
 PSYoungGen      total 418816K, used 0K [0x00000000e0000000, 0x0000000100000000, 0x0000000100000000)
  eden space 371712K, 0% used [0x00000000e0000000,0x00000000e0000000,0x00000000f6b00000)
  from space 47104K, 0% used [0x00000000f6b00000,0x00000000f6b00000,0x00000000f9900000)
  to   space 77312K, 0% used [0x00000000fb480000,0x00000000fb480000,0x0000000100000000)
 ParOldGen       total 214528K, used 191283K [0x00000000a0000000, 0x00000000ad180000, 0x00000000e0000000)
  object space 214528K, 89% used [0x00000000a0000000,0x00000000abaccc58,0x00000000ad180000)
 Metaspace       used 82384K, capacity 88424K, committed 88832K, reserved 1126400K
  class space    used 10299K, capacity 11119K, committed 11264K, reserved 1048576K
GC Heap History (10 events):
Event: 2423,409 GC heap after
Heap after GC invocations=52 (full 5):
 PSYoungGen      total 391680K, used 52418K [0x00000000e0000000, 0x00000000ffe80000, 0x0000000100000000)
  eden space 325120K, 0% used [0x00000000e0000000,0x00000000e0000000,0x00000000f3d80000)
  from space 66560K, 78% used [0x00000000f3d80000,0x00000000f70b0900,0x00000000f7e80000)
  to   space 71168K, 0% used [0x00000000fb900000,0x00000000fb900000,0x00000000ffe80000)
 ParOldGen       total 214528K, used 126375K [0x00000000a0000000, 0x00000000ad180000, 0x00000000e0000000)
  object space 214528K, 58% used [0x00000000a0000000,0x00000000a7b69e68,0x00000000ad180000)
 Metaspace       used 81939K, capacity 87976K, committed 88320K, reserved 1126400K
  class space    used 10298K, capacity 11119K, committed 11264K, reserved 1048576K
}
Event: 2424,896 GC heap before
{Heap before GC invocations=53 (full 5):
 PSYoungGen      total 391680K, used 377538K [0x00000000e0000000, 0x00000000ffe80000, 0x0000000100000000)
  eden space 325120K, 100% used [0x00000000e0000000,0x00000000f3d80000,0x00000000f3d80000)
  from space 66560K, 78% used [0x00000000f3d80000,0x00000000f70b0900,0x00000000f7e80000)
  to   space 71168K, 0% used [0x00000000fb900000,0x00000000fb900000,0x00000000ffe80000)
 ParOldGen       total 214528K, used 126375K [0x00000000a0000000, 0x00000000ad180000, 0x00000000e0000000)
  object space 214528K, 58% used [0x00000000a0000000,0x00000000a7b69e68,0x00000000ad180000)
 Metaspace       used 82224K, capacity 88296K, committed 88576K, reserved 1126400K
  class space    used 10299K, capacity 11119K, committed 11264K, reserved 1048576K
Event: 2424,930 GC heap after
Heap after GC invocations=53 (full 5):
 PSYoungGen      total 447488K, used 8443K [0x00000000e0000000, 0x00000000ffd00000, 0x0000000100000000)
  eden space 377856K, 0% used [0x00000000e0000000,0x00000000e0000000,0x00000000f7100000)
  from space 69632K, 12% used [0x00000000fb900000,0x00000000fc13ee50,0x00000000ffd00000)
  to   space 71680K, 0% used [0x00000000f7100000,0x00000000f7100000,0x00000000fb700000)
 ParOldGen       total 214528K, used 139330K [0x00000000a0000000, 0x00000000ad180000, 0x00000000e0000000)
  object space 214528K, 64% used [0x00000000a0000000,0x00000000a88109f8,0x00000000ad180000)
 Metaspace       used 82224K, capacity 88296K, committed 88576K, reserved 1126400K
  class space    used 10299K, capacity 11119K, committed 11264K, reserved 1048576K
}
Event: 2426,006 GC heap before
{Heap before GC invocations=54 (full 5):
 PSYoungGen      total 447488K, used 386299K [0x00000000e0000000, 0x00000000ffd00000, 0x0000000100000000)
  eden space 377856K, 100% used [0x00000000e0000000,0x00000000f7100000,0x00000000f7100000)
  from space 69632K, 12% used [0x00000000fb900000,0x00000000fc13ee50,0x00000000ffd00000)
  to   space 71680K, 0% used [0x00000000f7100000,0x00000000f7100000,0x00000000fb700000)
 ParOldGen       total 214528K, used 139330K [0x00000000a0000000, 0x00000000ad180000, 0x00000000e0000000)
  object space 214528K, 64% used [0x00000000a0000000,0x00000000a88109f8,0x00000000ad180000)
 Metaspace       used 82351K, capacity 88424K, committed 88832K, reserved 1126400K
  class space    used 10299K, capacity 11119K, committed 11264K, reserved 1048576K
Event: 2426,063 GC heap after
Heap after GC invocations=54 (full 5):
 PSYoungGen      total 449536K, used 43273K [0x00000000e0000000, 0x0000000100000000, 0x0000000100000000)
  eden space 377856K, 0% used [0x00000000e0000000,0x00000000e0000000,0x00000000f7100000)
  from space 71680K, 60% used [0x00000000f7100000,0x00000000f9b425c0,0x00000000fb700000)
  to   space 72192K, 0% used [0x00000000fb980000,0x00000000fb980000,0x0000000100000000)
 ParOldGen       total 214528K, used 142755K [0x00000000a0000000, 0x00000000ad180000, 0x00000000e0000000)
  object space 214528K, 66% used [0x00000000a0000000,0x00000000a8b68ec0,0x00000000ad180000)
 Metaspace       used 82351K, capacity 88424K, committed 88832K, reserved 1126400K
  class space    used 10299K, capacity 11119K, committed 11264K, reserved 1048576K
}
Event: 2426,801 GC heap before
{Heap before GC invocations=55 (full 5):
 PSYoungGen      total 449536K, used 421129K [0x00000000e0000000, 0x0000000100000000, 0x0000000100000000)
  eden space 377856K, 100% used [0x00000000e0000000,0x00000000f7100000,0x00000000f7100000)
  from space 71680K, 60% used [0x00000000f7100000,0x00000000f9b425c0,0x00000000fb700000)
  to   space 72192K, 0% used [0x00000000fb980000,0x00000000fb980000,0x0000000100000000)
 ParOldGen       total 214528K, used 142755K [0x00000000a0000000, 0x00000000ad180000, 0x00000000e0000000)
  object space 214528K, 66% used [0x00000000a0000000,0x00000000a8b68ec0,0x00000000ad180000)
 Metaspace       used 82372K, capacity 88424K, committed 88832K, reserved 1126400K
  class space    used 10299K, capacity 11119K, committed 11264K, reserved 1048576K
Event: 2426,887 GC heap after
Heap after GC invocations=55 (full 5):
 PSYoungGen      total 443904K, used 52640K [0x00000000e0000000, 0x0000000100000000, 0x0000000100000000)
  eden space 371712K, 0% used [0x00000000e0000000,0x00000000e0000000,0x00000000f6b00000)
  from space 72192K, 72% used [0x00000000fb980000,0x00000000fece8338,0x0000000100000000)
  to   space 76288K, 0% used [0x00000000f6b00000,0x00000000f6b00000,0x00000000fb580000)
 ParOldGen       total 214528K, used 161074K [0x00000000a0000000, 0x00000000ad180000, 0x00000000e0000000)
  object space 214528K, 75% used [0x00000000a0000000,0x00000000a9d4c888,0x00000000ad180000)
 Metaspace       used 82372K, capacity 88424K, committed 88832K, reserved 1126400K
  class space    used 10299K, capacity 11119K, committed 11264K, reserved 1048576K
}
Event: 2427,496 GC heap before
{Heap before GC invocations=56 (full 5):
 PSYoungGen      total 443904K, used 424352K [0x00000000e0000000, 0x0000000100000000, 0x0000000100000000)
  eden space 371712K, 100% used [0x00000000e0000000,0x00000000f6b00000,0x00000000f6b00000)
  from space 72192K, 72% used [0x00000000fb980000,0x00000000fece8338,0x0000000100000000)
  to   space 76288K, 0% used [0x00000000f6b00000,0x00000000f6b00000,0x00000000fb580000)
 ParOldGen       total 214528K, used 161074K [0x00000000a0000000, 0x00000000ad180000, 0x00000000e0000000)
  object space 214528K, 75% used [0x00000000a0000000,0x00000000a9d4c888,0x00000000ad180000)
 Metaspace       used 82384K, capacity 88424K, committed 88832K, reserved 1126400K
  class space    used 10299K, capacity 11119K, committed 11264K, reserved 1048576K
Event: 2427,592 GC heap after
Heap after GC invocations=56 (full 5):
 PSYoungGen      total 418816K, used 47066K [0x00000000e0000000, 0x0000000100000000, 0x0000000100000000)
  eden space 371712K, 0% used [0x00000000e0000000,0x00000000e0000000,0x00000000f6b00000)
  from space 47104K, 99% used [0x00000000f6b00000,0x00000000f98f69f8,0x00000000f9900000)
  to   space 77312K, 0% used [0x00000000fb480000,0x00000000fb480000,0x0000000100000000)
 ParOldGen       total 214528K, used 209785K [0x00000000a0000000, 0x00000000ad180000, 0x00000000e0000000)
  object space 214528K, 97% used [0x00000000a0000000,0x00000000accde6a0,0x00000000ad180000)
 Metaspace       used 82384K, capacity 88424K, committed 88832K, reserved 1126400K
  class space    used 10299K, capacity 11119K, committed 11264K, reserved 1048576K
}
Event: 2427,592 GC heap before
{Heap before GC invocations=57 (full 6):
 PSYoungGen      total 418816K, used 47066K [0x00000000e0000000, 0x0000000100000000, 0x0000000100000000)
  eden space 371712K, 0% used [0x00000000e0000000,0x00000000e0000000,0x00000000f6b00000)
  from space 47104K, 99% used [0x00000000f6b00000,0x00000000f98f69f8,0x00000000f9900000)
  to   space 77312K, 0% used [0x00000000fb480000,0x00000000fb480000,0x0000000100000000)
 ParOldGen       total 214528K, used 209785K [0x00000000a0000000, 0x00000000ad180000, 0x00000000e0000000)
  object space 214528K, 97% used [0x00000000a0000000,0x00000000accde6a0,0x00000000ad180000)
 Metaspace       used 82384K, capacity 88424K, committed 88832K, reserved 1126400K
  class space    used 10299K, capacity 11119K, committed 11264K, reserved 1048576K

