# JRE version: OpenJDK Runtime Environment (8.0_112-b06) (build 1.8.0_112-release-b06)
# Java VM: OpenJDK 64-Bit Server VM (25.112-b06 mixed mode linux-amd64 compressed oops)
Heap:
 PSYoungGen      total 384512K, used 53751K [0x00000000e0000000, 0x00000000fd780000, 0x0000000100000000)
  eden space 330752K, 0% used [0x00000000e0000000,0x00000000e0000000,0x00000000f4300000)
  from space 53760K, 99% used [0x00000000fa300000,0x00000000fd77de48,0x00000000fd780000)
  to   space 53248K, 0% used [0x00000000f4300000,0x00000000f4300000,0x00000000f7700000)
 ParOldGen       total 110080K, used 91954K [0x00000000a0000000, 0x00000000a6b80000, 0x00000000e0000000)
  object space 110080K, 83% used [0x00000000a0000000,0x00000000a59cc930,0x00000000a6b80000)
 Metaspace       used 73116K, capacity 76528K, committed 76800K, reserved 1116160K
  class space    used 9250K, capacity 9879K, committed 9984K, reserved 1048576K
GC Heap History (10 events):
Event: 3149,369 GC heap after
Heap after GC invocations=28 (full 3):
 PSYoungGen      total 312832K, used 25101K [0x00000000e0000000, 0x00000000f7380000, 0x0000000100000000)
  eden space 287232K, 0% used [0x00000000e0000000,0x00000000e0000000,0x00000000f1880000)
  from space 25600K, 98% used [0x00000000f1980000,0x00000000f3203480,0x00000000f3280000)
  to   space 46592K, 0% used [0x00000000f4600000,0x00000000f4600000,0x00000000f7380000)
 ParOldGen       total 110080K, used 50539K [0x00000000a0000000, 0x00000000a6b80000, 0x00000000e0000000)
  object space 110080K, 45% used [0x00000000a0000000,0x00000000a315ae68,0x00000000a6b80000)
 Metaspace       used 71398K, capacity 74594K, committed 74752K, reserved 1114112K
  class space    used 9080K, capacity 9692K, committed 9728K, reserved 1048576K
}
Event: 3149,600 GC heap before
{Heap before GC invocations=29 (full 3):
 PSYoungGen      total 312832K, used 311444K [0x00000000e0000000, 0x00000000f7380000, 0x0000000100000000)
  eden space 287232K, 99% used [0x00000000e0000000,0x00000000f17a1b88,0x00000000f1880000)
  from space 25600K, 98% used [0x00000000f1980000,0x00000000f3203480,0x00000000f3280000)
  to   space 46592K, 0% used [0x00000000f4600000,0x00000000f4600000,0x00000000f7380000)
 ParOldGen       total 110080K, used 50539K [0x00000000a0000000, 0x00000000a6b80000, 0x00000000e0000000)
  object space 110080K, 45% used [0x00000000a0000000,0x00000000a315ae68,0x00000000a6b80000)
 Metaspace       used 71448K, capacity 74732K, committed 75008K, reserved 1114112K
  class space    used 9082K, capacity 9695K, committed 9728K, reserved 1048576K
Event: 3149,628 GC heap after
Heap after GC invocations=29 (full 3):
 PSYoungGen      total 334336K, used 27835K [0x00000000e0000000, 0x00000000fa400000, 0x0000000100000000)
  eden space 287744K, 0% used [0x00000000e0000000,0x00000000e0000000,0x00000000f1900000)
  from space 46592K, 59% used [0x00000000f4600000,0x00000000f612efa8,0x00000000f7380000)
  to   space 46080K, 0% used [0x00000000f1900000,0x00000000f1900000,0x00000000f4600000)
 ParOldGen       total 110080K, used 50547K [0x00000000a0000000, 0x00000000a6b80000, 0x00000000e0000000)
  object space 110080K, 45% used [0x00000000a0000000,0x00000000a315ce68,0x00000000a6b80000)
 Metaspace       used 71448K, capacity 74732K, committed 75008K, reserved 1114112K
  class space    used 9082K, capacity 9695K, committed 9728K, reserved 1048576K
}
Event: 3150,011 GC heap before
{Heap before GC invocations=30 (full 3):
 PSYoungGen      total 334336K, used 315579K [0x00000000e0000000, 0x00000000fa400000, 0x0000000100000000)
  eden space 287744K, 100% used [0x00000000e0000000,0x00000000f1900000,0x00000000f1900000)
  from space 46592K, 59% used [0x00000000f4600000,0x00000000f612efa8,0x00000000f7380000)
  to   space 46080K, 0% used [0x00000000f1900000,0x00000000f1900000,0x00000000f4600000)
 ParOldGen       total 110080K, used 50547K [0x00000000a0000000, 0x00000000a6b80000, 0x00000000e0000000)
  object space 110080K, 45% used [0x00000000a0000000,0x00000000a315ce68,0x00000000a6b80000)
 Metaspace       used 71469K, capacity 74732K, committed 75008K, reserved 1114112K
  class space    used 9083K, capacity 9695K, committed 9728K, reserved 1048576K
Event: 3150,024 GC heap after
Heap after GC invocations=30 (full 3):
 PSYoungGen      total 333824K, used 12703K [0x00000000e0000000, 0x00000000fa380000, 0x0000000100000000)
  eden space 287744K, 0% used [0x00000000e0000000,0x00000000e0000000,0x00000000f1900000)
  from space 46080K, 27% used [0x00000000f1900000,0x00000000f2567d28,0x00000000f4600000)
  to   space 45568K, 0% used [0x00000000f7700000,0x00000000f7700000,0x00000000fa380000)
 ParOldGen       total 110080K, used 50555K [0x00000000a0000000, 0x00000000a6b80000, 0x00000000e0000000)
  object space 110080K, 45% used [0x00000000a0000000,0x00000000a315ee68,0x00000000a6b80000)
 Metaspace       used 71469K, capacity 74732K, committed 75008K, reserved 1114112K
  class space    used 9083K, capacity 9695K, committed 9728K, reserved 1048576K
}
Event: 4432,495 GC heap before
{Heap before GC invocations=31 (full 3):
 PSYoungGen      total 333824K, used 300447K [0x00000000e0000000, 0x00000000fa380000, 0x0000000100000000)
  eden space 287744K, 100% used [0x00000000e0000000,0x00000000f1900000,0x00000000f1900000)
  from space 46080K, 27% used [0x00000000f1900000,0x00000000f2567d28,0x00000000f4600000)
  to   space 45568K, 0% used [0x00000000f7700000,0x00000000f7700000,0x00000000fa380000)
 ParOldGen       total 110080K, used 50555K [0x00000000a0000000, 0x00000000a6b80000, 0x00000000e0000000)
  object space 110080K, 45% used [0x00000000a0000000,0x00000000a315ee68,0x00000000a6b80000)
 Metaspace       used 71824K, capacity 75258K, committed 75392K, reserved 1114112K
  class space    used 9117K, capacity 9742K, committed 9856K, reserved 1048576K
Event: 4432,582 GC heap after
Heap after GC invocations=31 (full 3):
 PSYoungGen      total 376320K, used 45545K [0x00000000e0000000, 0x00000000fac80000, 0x0000000100000000)
  eden space 330752K, 0% used [0x00000000e0000000,0x00000000e0000000,0x00000000f4300000)
  from space 45568K, 99% used [0x00000000f7700000,0x00000000fa37a4d8,0x00000000fa380000)
  to   space 53248K, 0% used [0x00000000f4300000,0x00000000f4300000,0x00000000f7700000)
 ParOldGen       total 110080K, used 54081K [0x00000000a0000000, 0x00000000a6b80000, 0x00000000e0000000)
  object space 110080K, 49% used [0x00000000a0000000,0x00000000a34d06d0,0x00000000a6b80000)
 Metaspace       used 71824K, capacity 75258K, committed 75392K, reserved 1114112K
  class space    used 9117K, capacity 9742K, committed 9856K, reserved 1048576K
}
Event: 4456,334 GC heap before
{Heap before GC invocations=32 (full 3):
 PSYoungGen      total 376320K, used 376297K [0x00000000e0000000, 0x00000000fac80000, 0x0000000100000000)
  eden space 330752K, 100% used [0x00000000e0000000,0x00000000f4300000,0x00000000f4300000)
  from space 45568K, 99% used [0x00000000f7700000,0x00000000fa37a4d8,0x00000000fa380000)
  to   space 53248K, 0% used [0x00000000f4300000,0x00000000f4300000,0x00000000f7700000)
 ParOldGen       total 110080K, used 54081K [0x00000000a0000000, 0x00000000a6b80000, 0x00000000e0000000)
  object space 110080K, 49% used [0x00000000a0000000,0x00000000a34d06d0,0x00000000a6b80000)
 Metaspace       used 72098K, capacity 75556K, committed 75904K, reserved 1116160K
  class space    used 9129K, capacity 9775K, committed 9856K, reserved 1048576K
Event: 4456,439 GC heap after
Heap after GC invocations=32 (full 3):
 PSYoungGen      total 384000K, used 33330K [0x00000000e0000000, 0x00000000fd780000, 0x0000000100000000)
  eden space 330752K, 0% used [0x00000000e0000000,0x00000000e0000000,0x00000000f4300000)
  from space 53248K, 62% used [0x00000000f4300000,0x00000000f638c940,0x00000000f7700000)
  to   space 53760K, 0% used [0x00000000fa300000,0x00000000fa300000,0x00000000fd780000)
 ParOldGen       total 110080K, used 62647K [0x00000000a0000000, 0x00000000a6b80000, 0x00000000e0000000)
  object space 110080K, 56% used [0x00000000a0000000,0x00000000a3d2dfb8,0x00000000a6b80000)
 Metaspace       used 72098K, capacity 75556K, committed 75904K, reserved 1116160K
  class space    used 9129K, capacity 9775K, committed 9856K, reserved 1048576K
}
Event: 4470,747 GC heap before
{Heap before GC invocations=33 (full 3):
 PSYoungGen      total 384000K, used 364082K [0x00000000e0000000, 0x00000000fd780000, 0x0000000100000000)
  eden space 330752K, 100% used [0x00000000e0000000,0x00000000f4300000,0x00000000f4300000)
  from space 53248K, 62% used [0x00000000f4300000,0x00000000f638c940,0x00000000f7700000)
  to   space 53760K, 0% used [0x00000000fa300000,0x00000000fa300000,0x00000000fd780000)
 ParOldGen       total 110080K, used 62647K [0x00000000a0000000, 0x00000000a6b80000, 0x00000000e0000000)
  object space 110080K, 56% used [0x00000000a0000000,0x00000000a3d2dfb8,0x00000000a6b80000)
 Metaspace       used 73116K, capacity 76528K, committed 76800K, reserved 1116160K
  class space    used 9250K, capacity 9879K, committed 9984K, reserved 1048576K

